# JRE version: OpenJDK Runtime Environment (8.0_131-b11) (build 1.8.0_131-8u131-b11-2ubuntu1.16.04.3-b11)
# Java VM: OpenJDK 64-Bit Server VM (25.131-b11 mixed mode linux-amd64 compressed oops)
Heap:
 PSYoungGen      total 1279488K, used 832K [0x000000066ab00000, 0x00000006bd280000, 0x00000007c0000000)
  eden space 1207808K, 0% used [0x000000066ab00000,0x000000066ab00000,0x00000006b4680000)
  from space 71680K, 1% used [0x00000006b4680000,0x00000006b4750000,0x00000006b8c80000)
  to   space 53760K, 0% used [0x00000006b9e00000,0x00000006b9e00000,0x00000006bd280000)
 ParOldGen       total 243712K, used 95020K [0x00000003c0000000, 0x00000003cee00000, 0x000000066ab00000)
  object space 243712K, 38% used [0x00000003c0000000,0x00000003c5ccb320,0x00000003cee00000)
 Metaspace       used 67448K, capacity 69650K, committed 69888K, reserved 1110016K
  class space    used 8631K, capacity 9134K, committed 9216K, reserved 1048576K
GC Heap History (10 events):
Event: 14.157 GC heap after
Heap after GC invocations=20 (full 3):
 PSYoungGen      total 899072K, used 128K [0x000000066ab00000, 0x00000006b2f80000, 0x00000007c0000000)
  eden space 823808K, 0% used [0x000000066ab00000,0x000000066ab00000,0x000000069cf80000)
  from space 75264K, 0% used [0x000000069cf80000,0x000000069cfa0000,0x00000006a1900000)
  to   space 73216K, 0% used [0x00000006ae800000,0x00000006ae800000,0x00000006b2f80000)
 ParOldGen       total 216576K, used 165388K [0x00000003c0000000, 0x00000003cd380000, 0x000000066ab00000)
  object space 216576K, 76% used [0x00000003c0000000,0x00000003ca183280,0x00000003cd380000)
 Metaspace       used 52393K, capacity 53956K, committed 54272K, reserved 1095680K
  class space    used 7187K, capacity 7596K, committed 7680K, reserved 1048576K
}
Event: 1136.326 GC heap before
{Heap before GC invocations=21 (full 3):
 PSYoungGen      total 899072K, used 823936K [0x000000066ab00000, 0x00000006b2f80000, 0x00000007c0000000)
  eden space 823808K, 100% used [0x000000066ab00000,0x000000069cf80000,0x000000069cf80000)
  from space 75264K, 0% used [0x000000069cf80000,0x000000069cfa0000,0x00000006a1900000)
  to   space 73216K, 0% used [0x00000006ae800000,0x00000006ae800000,0x00000006b2f80000)
 ParOldGen       total 216576K, used 165388K [0x00000003c0000000, 0x00000003cd380000, 0x000000066ab00000)
  object space 216576K, 76% used [0x00000003c0000000,0x00000003ca183280,0x00000003cd380000)
 Metaspace       used 55825K, capacity 57744K, committed 57984K, reserved 1099776K
  class space    used 7484K, capacity 7955K, committed 8064K, reserved 1048576K
Event: 1136.346 GC heap after
Heap after GC invocations=21 (full 3):
 PSYoungGen      total 1057792K, used 7302K [0x000000066ab00000, 0x00000006b1180000, 0x00000007c0000000)
  eden space 1015296K, 0% used [0x000000066ab00000,0x000000066ab00000,0x00000006a8a80000)
  from space 42496K, 17% used [0x00000006ae800000,0x00000006aef21a98,0x00000006b1180000)
  to   space 69120K, 0% used [0x00000006a8a80000,0x00000006a8a80000,0x00000006ace00000)
 ParOldGen       total 216576K, used 165468K [0x00000003c0000000, 0x00000003cd380000, 0x000000066ab00000)
  object space 216576K, 76% used [0x00000003c0000000,0x00000003ca197280,0x00000003cd380000)
 Metaspace       used 55825K, capacity 57744K, committed 57984K, reserved 1099776K
  class space    used 7484K, capacity 7955K, committed 8064K, reserved 1048576K
}
Event: 1158.739 GC heap before
{Heap before GC invocations=22 (full 3):
 PSYoungGen      total 1057792K, used 1022598K [0x000000066ab00000, 0x00000006b1180000, 0x00000007c0000000)
  eden space 1015296K, 100% used [0x000000066ab00000,0x00000006a8a80000,0x00000006a8a80000)
  from space 42496K, 17% used [0x00000006ae800000,0x00000006aef21a98,0x00000006b1180000)
  to   space 69120K, 0% used [0x00000006a8a80000,0x00000006a8a80000,0x00000006ace00000)
 ParOldGen       total 216576K, used 165468K [0x00000003c0000000, 0x00000003cd380000, 0x000000066ab00000)
  object space 216576K, 76% used [0x00000003c0000000,0x00000003ca197280,0x00000003cd380000)
 Metaspace       used 66874K, capacity 69094K, committed 69376K, reserved 1110016K
  class space    used 8631K, capacity 9138K, committed 9216K, reserved 1048576K
Event: 1158.785 GC heap after
Heap after GC invocations=22 (full 3):
 PSYoungGen      total 1084416K, used 41963K [0x000000066ab00000, 0x00000006be600000, 0x00000007c0000000)
  eden space 1015296K, 0% used [0x000000066ab00000,0x000000066ab00000,0x00000006a8a80000)
  from space 69120K, 60% used [0x00000006a8a80000,0x00000006ab37ac68,0x00000006ace00000)
  to   space 73728K, 0% used [0x00000006b9e00000,0x00000006b9e00000,0x00000006be600000)
 ParOldGen       total 216576K, used 169313K [0x00000003c0000000, 0x00000003cd380000, 0x000000066ab00000)
  object space 216576K, 78% used [0x00000003c0000000,0x00000003ca558690,0x00000003cd380000)
 Metaspace       used 66874K, capacity 69094K, committed 69376K, reserved 1110016K
  class space    used 8631K, capacity 9138K, committed 9216K, reserved 1048576K
}
Event: 1161.371 GC heap before
{Heap before GC invocations=23 (full 3):
 PSYoungGen      total 1084416K, used 1057259K [0x000000066ab00000, 0x00000006be600000, 0x00000007c0000000)
  eden space 1015296K, 100% used [0x000000066ab00000,0x00000006a8a80000,0x00000006a8a80000)
  from space 69120K, 60% used [0x00000006a8a80000,0x00000006ab37ac68,0x00000006ace00000)
  to   space 73728K, 0% used [0x00000006b9e00000,0x00000006b9e00000,0x00000006be600000)
 ParOldGen       total 216576K, used 169315K [0x00000003c0000000, 0x00000003cd380000, 0x000000066ab00000)
  object space 216576K, 78% used [0x00000003c0000000,0x00000003ca558f90,0x00000003cd380000)
 Metaspace       used 67455K, capacity 69670K, committed 69888K, reserved 1110016K
  class space    used 8633K, capacity 9138K, committed 9216K, reserved 1048576K
Event: 1161.416 GC heap after
Heap after GC invocations=23 (full 3):
 PSYoungGen      total 1261568K, used 29200K [0x000000066ab00000, 0x00000006bd280000, 0x00000007c0000000)
  eden space 1207808K, 0% used [0x000000066ab00000,0x000000066ab00000,0x00000006b4680000)
  from space 53760K, 54% used [0x00000006b9e00000,0x00000006bba84298,0x00000006bd280000)
  to   space 71680K, 0% used [0x00000006b4680000,0x00000006b4680000,0x00000006b8c80000)
 ParOldGen       total 216576K, used 188929K [0x00000003c0000000, 0x00000003cd380000, 0x000000066ab00000)
  object space 216576K, 87% used [0x00000003c0000000,0x00000003cb880578,0x00000003cd380000)
 Metaspace       used 67455K, capacity 69670K, committed 69888K, reserved 1110016K
  class space    used 8633K, capacity 9138K, committed 9216K, reserved 1048576K
}
Event: 1161.416 GC heap before
{Heap before GC invocations=24 (full 4):
 PSYoungGen      total 1261568K, used 29200K [0x000000066ab00000, 0x00000006bd280000, 0x00000007c0000000)
  eden space 1207808K, 0% used [0x000000066ab00000,0x000000066ab00000,0x00000006b4680000)
  from space 53760K, 54% used [0x00000006b9e00000,0x00000006bba84298,0x00000006bd280000)
  to   space 71680K, 0% used [0x00000006b4680000,0x00000006b4680000,0x00000006b8c80000)
 ParOldGen       total 216576K, used 188929K [0x00000003c0000000, 0x00000003cd380000, 0x000000066ab00000)
  object space 216576K, 87% used [0x00000003c0000000,0x00000003cb880578,0x00000003cd380000)
 Metaspace       used 67455K, capacity 69670K, committed 69888K, reserved 1110016K
  class space    used 8633K, capacity 9138K, committed 9216K, reserved 1048576K
Event: 1161.699 GC heap after
Heap after GC invocations=24 (full 4):
 PSYoungGen      total 1261568K, used 0K [0x000000066ab00000, 0x00000006bd280000, 0x00000007c0000000)
  eden space 1207808K, 0% used [0x000000066ab00000,0x000000066ab00000,0x00000006b4680000)
  from space 53760K, 0% used [0x00000006b9e00000,0x00000006b9e00000,0x00000006bd280000)
  to   space 71680K, 0% used [0x00000006b4680000,0x00000006b4680000,0x00000006b8c80000)
 ParOldGen       total 243712K, used 95020K [0x00000003c0000000, 0x00000003cee00000, 0x000000066ab00000)
  object space 243712K, 38% used [0x00000003c0000000,0x00000003c5ccb320,0x00000003cee00000)
 Metaspace       used 67448K, capacity 69650K, committed 69888K, reserved 1110016K
  class space    used 8631K, capacity 9134K, committed 9216K, reserved 1048576K
}
Event: 1161.708 GC heap before
{Heap before GC invocations=25 (full 4):
 PSYoungGen      total 1261568K, used 11131K [0x000000066ab00000, 0x00000006bd280000, 0x00000007c0000000)
  eden space 1207808K, 0% used [0x000000066ab00000,0x000000066b5dedc8,0x00000006b4680000)
  from space 53760K, 0% used [0x00000006b9e00000,0x00000006b9e00000,0x00000006bd280000)
  to   space 71680K, 0% used [0x00000006b4680000,0x00000006b4680000,0x00000006b8c80000)
 ParOldGen       total 243712K, used 95020K [0x00000003c0000000, 0x00000003cee00000, 0x000000066ab00000)
  object space 243712K, 38% used [0x00000003c0000000,0x00000003c5ccb320,0x00000003cee00000)
 Metaspace       used 67448K, capacity 69650K, committed 69888K, reserved 1110016K
  class space    used 8631K, capacity 9134K, committed 9216K, reserved 1048576K

