# JRE version: OpenJDK Runtime Environment (8.0_131-b11) (build 1.8.0_131-8u131-b11-2ubuntu1.16.04.3-b11)
# Java VM: OpenJDK 64-Bit Server VM (25.131-b11 mixed mode linux-amd64 compressed oops)
Heap:
 PSYoungGen      total 925696K, used 53764K [0x000000066ab00000, 0x00000006a8500000, 0x00000007c0000000)
  eden space 843776K, 0% used [0x000000066ab00000,0x000000066ab00000,0x000000069e300000)
  from space 81920K, 65% used [0x000000069e300000,0x00000006a1781128,0x00000006a3300000)
  to   space 75776K, 0% used [0x00000006a3300000,0x00000006a3300000,0x00000006a7d00000)
 ParOldGen       total 249856K, used 170590K [0x00000003c0000000, 0x00000003cf400000, 0x000000066ab00000)
  object space 249856K, 68% used [0x00000003c0000000,0x00000003ca697958,0x00000003cf400000)
 Metaspace       used 69322K, capacity 71306K, committed 71552K, reserved 1112064K
  class space    used 8818K, capacity 9305K, committed 9344K, reserved 1048576K
GC Heap History (10 events):
Event: 59.042 GC heap after
Heap after GC invocations=14 (full 3):
 PSYoungGen      total 431104K, used 32232K [0x000000066ab00000, 0x0000000694100000, 0x00000007c0000000)
  eden space 398848K, 0% used [0x000000066ab00000,0x000000066ab00000,0x0000000683080000)
  from space 32256K, 99% used [0x0000000683080000,0x0000000684ffa358,0x0000000685000000)
  to   space 48128K, 0% used [0x0000000691200000,0x0000000691200000,0x0000000694100000)
 ParOldGen       total 136192K, used 80769K [0x00000003c0000000, 0x00000003c8500000, 0x000000066ab00000)
  object space 136192K, 59% used [0x00000003c0000000,0x00000003c4ee0490,0x00000003c8500000)
 Metaspace       used 66885K, capacity 68826K, committed 68992K, reserved 1110016K
  class space    used 8612K, capacity 9075K, committed 9088K, reserved 1048576K
}
Event: 60.381 GC heap before
{Heap before GC invocations=15 (full 3):
 PSYoungGen      total 431104K, used 431080K [0x000000066ab00000, 0x0000000694100000, 0x00000007c0000000)
  eden space 398848K, 100% used [0x000000066ab00000,0x0000000683080000,0x0000000683080000)
  from space 32256K, 99% used [0x0000000683080000,0x0000000684ffa358,0x0000000685000000)
  to   space 48128K, 0% used [0x0000000691200000,0x0000000691200000,0x0000000694100000)
 ParOldGen       total 136192K, used 80769K [0x00000003c0000000, 0x00000003c8500000, 0x000000066ab00000)
  object space 136192K, 59% used [0x00000003c0000000,0x00000003c4ee04b0,0x00000003c8500000)
 Metaspace       used 67035K, capacity 68954K, committed 68992K, reserved 1110016K
  class space    used 8613K, capacity 9075K, committed 9088K, reserved 1048576K
Event: 60.493 GC heap after
Heap after GC invocations=15 (full 3):
 PSYoungGen      total 609280K, used 48112K [0x000000066ab00000, 0x0000000696a80000, 0x00000007c0000000)
  eden space 561152K, 0% used [0x000000066ab00000,0x000000066ab00000,0x000000068cf00000)
  from space 48128K, 99% used [0x0000000691200000,0x00000006940fc160,0x0000000694100000)
  to   space 68608K, 0% used [0x000000068cf00000,0x000000068cf00000,0x0000000691200000)
 ParOldGen       total 136192K, used 115277K [0x00000003c0000000, 0x00000003c8500000, 0x000000066ab00000)
  object space 136192K, 84% used [0x00000003c0000000,0x00000003c7093448,0x00000003c8500000)
 Metaspace       used 67035K, capacity 68954K, committed 68992K, reserved 1110016K
  class space    used 8613K, capacity 9075K, committed 9088K, reserved 1048576K
}
Event: 60.493 GC heap before
{Heap before GC invocations=16 (full 4):
 PSYoungGen      total 609280K, used 48112K [0x000000066ab00000, 0x0000000696a80000, 0x00000007c0000000)
  eden space 561152K, 0% used [0x000000066ab00000,0x000000066ab00000,0x000000068cf00000)
  from space 48128K, 99% used [0x0000000691200000,0x00000006940fc160,0x0000000694100000)
  to   space 68608K, 0% used [0x000000068cf00000,0x000000068cf00000,0x0000000691200000)
 ParOldGen       total 136192K, used 115277K [0x00000003c0000000, 0x00000003c8500000, 0x000000066ab00000)
  object space 136192K, 84% used [0x00000003c0000000,0x00000003c7093448,0x00000003c8500000)
 Metaspace       used 67035K, capacity 68954K, committed 68992K, reserved 1110016K
  class space    used 8613K, capacity 9075K, committed 9088K, reserved 1048576K
Event: 61.231 GC heap after
Heap after GC invocations=16 (full 4):
 PSYoungGen      total 609280K, used 5544K [0x000000066ab00000, 0x0000000696a80000, 0x00000007c0000000)
  eden space 561152K, 0% used [0x000000066ab00000,0x000000066ab00000,0x000000068cf00000)
  from space 48128K, 11% used [0x0000000691200000,0x000000069176a2b8,0x0000000694100000)
  to   space 68608K, 0% used [0x000000068cf00000,0x000000068cf00000,0x0000000691200000)
 ParOldGen       total 249856K, used 135995K [0x00000003c0000000, 0x00000003cf400000, 0x000000066ab00000)
  object space 249856K, 54% used [0x00000003c0000000,0x00000003c84cef60,0x00000003cf400000)
 Metaspace       used 67029K, capacity 68936K, committed 68992K, reserved 1110016K
  class space    used 8612K, capacity 9072K, committed 9088K, reserved 1048576K
}
Event: 63.598 GC heap before
{Heap before GC invocations=17 (full 4):
 PSYoungGen      total 609280K, used 566696K [0x000000066ab00000, 0x0000000696a80000, 0x00000007c0000000)
  eden space 561152K, 100% used [0x000000066ab00000,0x000000068cf00000,0x000000068cf00000)
  from space 48128K, 11% used [0x0000000691200000,0x000000069176a2b8,0x0000000694100000)
  to   space 68608K, 0% used [0x000000068cf00000,0x000000068cf00000,0x0000000691200000)
 ParOldGen       total 249856K, used 135997K [0x00000003c0000000, 0x00000003cf400000, 0x000000066ab00000)
  object space 249856K, 54% used [0x00000003c0000000,0x00000003c84cf688,0x00000003cf400000)
 Metaspace       used 67464K, capacity 69416K, committed 69632K, reserved 1110016K
  class space    used 8614K, capacity 9104K, committed 9216K, reserved 1048576K
Event: 64.810 GC heap after
Heap after GC invocations=17 (full 4):
 PSYoungGen      total 629760K, used 56179K [0x000000066ab00000, 0x00000006a7d00000, 0x00000007c0000000)
  eden space 561152K, 0% used [0x000000066ab00000,0x000000066ab00000,0x000000068cf00000)
  from space 68608K, 81% used [0x000000068cf00000,0x00000006905dcc48,0x0000000691200000)
  to   space 75776K, 0% used [0x00000006a3300000,0x00000006a3300000,0x00000006a7d00000)
 ParOldGen       total 249856K, used 138679K [0x00000003c0000000, 0x00000003cf400000, 0x000000066ab00000)
  object space 249856K, 55% used [0x00000003c0000000,0x00000003c876de80,0x00000003cf400000)
 Metaspace       used 67464K, capacity 69416K, committed 69632K, reserved 1110016K
  class space    used 8614K, capacity 9104K, committed 9216K, reserved 1048576K
}
Event: 66.366 GC heap before
{Heap before GC invocations=18 (full 4):
 PSYoungGen      total 629760K, used 617331K [0x000000066ab00000, 0x00000006a7d00000, 0x00000007c0000000)
  eden space 561152K, 100% used [0x000000066ab00000,0x000000068cf00000,0x000000068cf00000)
  from space 68608K, 81% used [0x000000068cf00000,0x00000006905dcc48,0x0000000691200000)
  to   space 75776K, 0% used [0x00000006a3300000,0x00000006a3300000,0x00000006a7d00000)
 ParOldGen       total 249856K, used 138679K [0x00000003c0000000, 0x00000003cf400000, 0x000000066ab00000)
  object space 249856K, 55% used [0x00000003c0000000,0x00000003c876de80,0x00000003cf400000)
 Metaspace       used 67605K, capacity 69544K, committed 69888K, reserved 1110016K
  class space    used 8615K, capacity 9104K, committed 9216K, reserved 1048576K
Event: 66.491 GC heap after
Heap after GC invocations=18 (full 4):
 PSYoungGen      total 919552K, used 57363K [0x000000066ab00000, 0x00000006a8500000, 0x00000007c0000000)
  eden space 843776K, 0% used [0x000000066ab00000,0x000000066ab00000,0x000000069e300000)
  from space 75776K, 75% used [0x00000006a3300000,0x00000006a6b04de8,0x00000006a7d00000)
  to   space 81920K, 0% used [0x000000069e300000,0x000000069e300000,0x00000006a3300000)
 ParOldGen       total 249856K, used 162926K [0x00000003c0000000, 0x00000003cf400000, 0x000000066ab00000)
  object space 249856K, 65% used [0x00000003c0000000,0x00000003c9f1b8b8,0x00000003cf400000)
 Metaspace       used 67605K, capacity 69544K, committed 69888K, reserved 1110016K
  class space    used 8615K, capacity 9104K, committed 9216K, reserved 1048576K
}
Event: 77.143 GC heap before
{Heap before GC invocations=19 (full 4):
 PSYoungGen      total 919552K, used 901139K [0x000000066ab00000, 0x00000006a8500000, 0x00000007c0000000)
  eden space 843776K, 100% used [0x000000066ab00000,0x000000069e300000,0x000000069e300000)
  from space 75776K, 75% used [0x00000006a3300000,0x00000006a6b04de8,0x00000006a7d00000)
  to   space 81920K, 0% used [0x000000069e300000,0x000000069e300000,0x00000006a3300000)
 ParOldGen       total 249856K, used 162926K [0x00000003c0000000, 0x00000003cf400000, 0x000000066ab00000)
  object space 249856K, 65% used [0x00000003c0000000,0x00000003c9f1b8b8,0x00000003cf400000)
 Metaspace       used 69322K, capacity 71306K, committed 71552K, reserved 1112064K
  class space    used 8818K, capacity 9305K, committed 9344K, reserved 1048576K

