# JRE version: OpenJDK Runtime Environment (8.0_131-b11) (build 1.8.0_131-8u131-b11-2ubuntu1.16.04.3-b11)
# Java VM: OpenJDK 64-Bit Server VM (25.131-b11 mixed mode linux-amd64 compressed oops)
Heap:
 PSYoungGen      total 385536K, used 26096K [0x000000066ab00000, 0x0000000683f80000, 0x00000007c0000000)
  eden space 359424K, 0% used [0x000000066ab00000,0x000000066ab00000,0x0000000680a00000)
  from space 26112K, 99% used [0x0000000680c80000,0x00000006825fc308,0x0000000682600000)
  to   space 20992K, 0% used [0x0000000682b00000,0x0000000682b00000,0x0000000683f80000)
 ParOldGen       total 78336K, used 60646K [0x00000003c0000000, 0x00000003c4c80000, 0x000000066ab00000)
  object space 78336K, 77% used [0x00000003c0000000,0x00000003c3b39bf0,0x00000003c4c80000)
 Metaspace       used 53114K, capacity 54712K, committed 54784K, reserved 1095680K
  class space    used 7237K, capacity 7638K, committed 7680K, reserved 1048576K
GC Heap History (10 events):
Event: 3.396 GC heap after
Heap after GC invocations=6 (full 1):
 PSYoungGen      total 132096K, used 5097K [0x000000066ab00000, 0x000000067a580000, 0x00000007c0000000)
  eden space 126976K, 0% used [0x000000066ab00000,0x000000066ab00000,0x0000000672700000)
  from space 5120K, 99% used [0x0000000672700000,0x0000000672bfa6e8,0x0000000672c00000)
  to   space 15360K, 0% used [0x0000000679680000,0x0000000679680000,0x000000067a580000)
 ParOldGen       total 51712K, used 14947K [0x00000003c0000000, 0x00000003c3280000, 0x000000066ab00000)
  object space 51712K, 28% used [0x00000003c0000000,0x00000003c0e98d18,0x00000003c3280000)
 Metaspace       used 30455K, capacity 30992K, committed 31232K, reserved 1077248K
  class space    used 4171K, capacity 4338K, committed 4352K, reserved 1048576K
}
Event: 4.265 GC heap before
{Heap before GC invocations=7 (full 1):
 PSYoungGen      total 132096K, used 100052K [0x000000066ab00000, 0x000000067a580000, 0x00000007c0000000)
  eden space 126976K, 74% used [0x000000066ab00000,0x00000006707baaa0,0x0000000672700000)
  from space 5120K, 99% used [0x0000000672700000,0x0000000672bfa6e8,0x0000000672c00000)
  to   space 15360K, 0% used [0x0000000679680000,0x0000000679680000,0x000000067a580000)
 ParOldGen       total 51712K, used 14947K [0x00000003c0000000, 0x00000003c3280000, 0x000000066ab00000)
  object space 51712K, 28% used [0x00000003c0000000,0x00000003c0e98d18,0x00000003c3280000)
 Metaspace       used 34561K, capacity 35142K, committed 35456K, reserved 1079296K
  class space    used 4704K, capacity 4885K, committed 4992K, reserved 1048576K
Event: 4.277 GC heap after
Heap after GC invocations=7 (full 1):
 PSYoungGen      total 235008K, used 13846K [0x000000066ab00000, 0x000000067a480000, 0x00000007c0000000)
  eden space 220672K, 0% used [0x000000066ab00000,0x000000066ab00000,0x0000000678280000)
  from space 14336K, 96% used [0x0000000679680000,0x000000067a405be8,0x000000067a480000)
  to   space 17408K, 0% used [0x0000000678280000,0x0000000678280000,0x0000000679380000)
 ParOldGen       total 51712K, used 14955K [0x00000003c0000000, 0x00000003c3280000, 0x000000066ab00000)
  object space 51712K, 28% used [0x00000003c0000000,0x00000003c0e9ad18,0x00000003c3280000)
 Metaspace       used 34561K, capacity 35142K, committed 35456K, reserved 1079296K
  class space    used 4704K, capacity 4885K, committed 4992K, reserved 1048576K
}
Event: 4.277 GC heap before
{Heap before GC invocations=8 (full 2):
 PSYoungGen      total 235008K, used 13846K [0x000000066ab00000, 0x000000067a480000, 0x00000007c0000000)
  eden space 220672K, 0% used [0x000000066ab00000,0x000000066ab00000,0x0000000678280000)
  from space 14336K, 96% used [0x0000000679680000,0x000000067a405be8,0x000000067a480000)
  to   space 17408K, 0% used [0x0000000678280000,0x0000000678280000,0x0000000679380000)
 ParOldGen       total 51712K, used 14955K [0x00000003c0000000, 0x00000003c3280000, 0x000000066ab00000)
  object space 51712K, 28% used [0x00000003c0000000,0x00000003c0e9ad18,0x00000003c3280000)
 Metaspace       used 34561K, capacity 35142K, committed 35456K, reserved 1079296K
  class space    used 4704K, capacity 4885K, committed 4992K, reserved 1048576K
Event: 4.334 GC heap after
Heap after GC invocations=8 (full 2):
 PSYoungGen      total 235008K, used 0K [0x000000066ab00000, 0x000000067a480000, 0x00000007c0000000)
  eden space 220672K, 0% used [0x000000066ab00000,0x000000066ab00000,0x0000000678280000)
  from space 14336K, 0% used [0x0000000679680000,0x0000000679680000,0x000000067a480000)
  to   space 17408K, 0% used [0x0000000678280000,0x0000000678280000,0x0000000679380000)
 ParOldGen       total 78336K, used 20646K [0x00000003c0000000, 0x00000003c4c80000, 0x000000066ab00000)
  object space 78336K, 26% used [0x00000003c0000000,0x00000003c1429ac8,0x00000003c4c80000)
 Metaspace       used 34561K, capacity 35142K, committed 35456K, reserved 1079296K
  class space    used 4704K, capacity 4885K, committed 4992K, reserved 1048576K
}
Event: 6.585 GC heap before
{Heap before GC invocations=9 (full 2):
 PSYoungGen      total 235008K, used 220672K [0x000000066ab00000, 0x000000067a480000, 0x00000007c0000000)
  eden space 220672K, 100% used [0x000000066ab00000,0x0000000678280000,0x0000000678280000)
  from space 14336K, 0% used [0x0000000679680000,0x0000000679680000,0x000000067a480000)
  to   space 17408K, 0% used [0x0000000678280000,0x0000000678280000,0x0000000679380000)
 ParOldGen       total 78336K, used 20646K [0x00000003c0000000, 0x00000003c4c80000, 0x000000066ab00000)
  object space 78336K, 26% used [0x00000003c0000000,0x00000003c1429ac8,0x00000003c4c80000)
 Metaspace       used 46418K, capacity 47636K, committed 47744K, reserved 1089536K
  class space    used 6359K, capacity 6718K, committed 6784K, reserved 1048576K
Event: 6.600 GC heap after
Heap after GC invocations=9 (full 2):
 PSYoungGen      total 238080K, used 17379K [0x000000066ab00000, 0x0000000683f80000, 0x00000007c0000000)
  eden space 220672K, 0% used [0x000000066ab00000,0x000000066ab00000,0x0000000678280000)
  from space 17408K, 99% used [0x0000000678280000,0x0000000679378e30,0x0000000679380000)
  to   space 20992K, 0% used [0x0000000682b00000,0x0000000682b00000,0x0000000683f80000)
 ParOldGen       total 78336K, used 20856K [0x00000003c0000000, 0x00000003c4c80000, 0x000000066ab00000)
  object space 78336K, 26% used [0x00000003c0000000,0x00000003c145e018,0x00000003c4c80000)
 Metaspace       used 46418K, capacity 47636K, committed 47744K, reserved 1089536K
  class space    used 6359K, capacity 6718K, committed 6784K, reserved 1048576K
}
Event: 13.435 GC heap before
{Heap before GC invocations=10 (full 2):
 PSYoungGen      total 238080K, used 238051K [0x000000066ab00000, 0x0000000683f80000, 0x00000007c0000000)
  eden space 220672K, 100% used [0x000000066ab00000,0x0000000678280000,0x0000000678280000)
  from space 17408K, 99% used [0x0000000678280000,0x0000000679378e30,0x0000000679380000)
  to   space 20992K, 0% used [0x0000000682b00000,0x0000000682b00000,0x0000000683f80000)
 ParOldGen       total 78336K, used 20856K [0x00000003c0000000, 0x00000003c4c80000, 0x000000066ab00000)
  object space 78336K, 26% used [0x00000003c0000000,0x00000003c145e018,0x00000003c4c80000)
 Metaspace       used 51975K, capacity 53502K, committed 53632K, reserved 1095680K
  class space    used 7099K, capacity 7483K, committed 7552K, reserved 1048576K
Event: 13.458 GC heap after
Heap after GC invocations=10 (full 2):
 PSYoungGen      total 380416K, used 20976K [0x000000066ab00000, 0x0000000683f80000, 0x00000007c0000000)
  eden space 359424K, 0% used [0x000000066ab00000,0x000000066ab00000,0x0000000680a00000)
  from space 20992K, 99% used [0x0000000682b00000,0x0000000683f7c248,0x0000000683f80000)
  to   space 26112K, 0% used [0x0000000680c80000,0x0000000680c80000,0x0000000682600000)
 ParOldGen       total 78336K, used 25477K [0x00000003c0000000, 0x00000003c4c80000, 0x000000066ab00000)
  object space 78336K, 32% used [0x00000003c0000000,0x00000003c18e1650,0x00000003c4c80000)
 Metaspace       used 51975K, capacity 53502K, committed 53632K, reserved 1095680K
  class space    used 7099K, capacity 7483K, committed 7552K, reserved 1048576K
}
Event: 14.903 GC heap before
{Heap before GC invocations=11 (full 2):
 PSYoungGen      total 380416K, used 372537K [0x000000066ab00000, 0x0000000683f80000, 0x00000007c0000000)
  eden space 359424K, 97% used [0x000000066ab00000,0x0000000680252338,0x0000000680a00000)
  from space 20992K, 99% used [0x0000000682b00000,0x0000000683f7c248,0x0000000683f80000)
  to   space 26112K, 0% used [0x0000000680c80000,0x0000000680c80000,0x0000000682600000)
 ParOldGen       total 78336K, used 25477K [0x00000003c0000000, 0x00000003c4c80000, 0x000000066ab00000)
  object space 78336K, 32% used [0x00000003c0000000,0x00000003c18e1650,0x00000003c4c80000)
 Metaspace       used 53114K, capacity 54712K, committed 54784K, reserved 1095680K
  class space    used 7237K, capacity 7638K, committed 7680K, reserved 1048576K

