# JRE version: OpenJDK Runtime Environment (8.0_131-b11) (build 1.8.0_131-8u131-b11-2ubuntu1.16.04.3-b11)
# Java VM: OpenJDK 64-Bit Server VM (25.131-b11 mixed mode linux-amd64 compressed oops)
Heap:
 PSYoungGen      total 68608K, used 5107K [0x00000000d7400000, 0x00000000dbc00000, 0x0000000100000000)
  eden space 63488K, 0% used [0x00000000d7400000,0x00000000d7400000,0x00000000db200000)
  from space 5120K, 99% used [0x00000000db200000,0x00000000db6fcf48,0x00000000db700000)
  to   space 5120K, 0% used [0x00000000db700000,0x00000000db700000,0x00000000dbc00000)
 ParOldGen       total 84992K, used 21081K [0x0000000085c00000, 0x000000008af00000, 0x00000000d7400000)
  object space 84992K, 24% used [0x0000000085c00000,0x00000000870965d8,0x000000008af00000)
 Metaspace       used 20646K, capacity 21220K, committed 21296K, reserved 1067008K
  class space    used 3529K, capacity 3684K, committed 3712K, reserved 1048576K
GC Heap History (5 events):
Event: 0.881 GC heap before
{Heap before GC invocations=1 (full 0):
 PSYoungGen      total 36864K, used 31744K [0x00000000d7400000, 0x00000000d9d00000, 0x0000000100000000)
  eden space 31744K, 100% used [0x00000000d7400000,0x00000000d9300000,0x00000000d9300000)
  from space 5120K, 0% used [0x00000000d9800000,0x00000000d9800000,0x00000000d9d00000)
  to   space 5120K, 0% used [0x00000000d9300000,0x00000000d9300000,0x00000000d9800000)
 ParOldGen       total 84992K, used 0K [0x0000000085c00000, 0x000000008af00000, 0x00000000d7400000)
  object space 84992K, 0% used [0x0000000085c00000,0x0000000085c00000,0x000000008af00000)
 Metaspace       used 10854K, capacity 11058K, committed 11136K, reserved 1058816K
  class space    used 1582K, capacity 1642K, committed 1664K, reserved 1048576K
Event: 0.896 GC heap after
Heap after GC invocations=1 (full 0):
 PSYoungGen      total 36864K, used 5097K [0x00000000d7400000, 0x00000000dbc00000, 0x0000000100000000)
  eden space 31744K, 0% used [0x00000000d7400000,0x00000000d7400000,0x00000000d9300000)
  from space 5120K, 99% used [0x00000000d9300000,0x00000000d97fa528,0x00000000d9800000)
  to   space 5120K, 0% used [0x00000000db700000,0x00000000db700000,0x00000000dbc00000)
 ParOldGen       total 84992K, used 3847K [0x0000000085c00000, 0x000000008af00000, 0x00000000d7400000)
  object space 84992K, 4% used [0x0000000085c00000,0x0000000085fc1e40,0x000000008af00000)
 Metaspace       used 10854K, capacity 11058K, committed 11136K, reserved 1058816K
  class space    used 1582K, capacity 1642K, committed 1664K, reserved 1048576K
}
Event: 1.571 GC heap before
{Heap before GC invocations=2 (full 0):
 PSYoungGen      total 36864K, used 36841K [0x00000000d7400000, 0x00000000dbc00000, 0x0000000100000000)
  eden space 31744K, 100% used [0x00000000d7400000,0x00000000d9300000,0x00000000d9300000)
  from space 5120K, 99% used [0x00000000d9300000,0x00000000d97fa528,0x00000000d9800000)
  to   space 5120K, 0% used [0x00000000db700000,0x00000000db700000,0x00000000dbc00000)
 ParOldGen       total 84992K, used 3847K [0x0000000085c00000, 0x000000008af00000, 0x00000000d7400000)
  object space 84992K, 4% used [0x0000000085c00000,0x0000000085fc1e40,0x000000008af00000)
 Metaspace       used 15947K, capacity 16210K, committed 16512K, reserved 1062912K
  class space    used 2752K, capacity 2826K, committed 2944K, reserved 1048576K
Event: 1.592 GC heap after
Heap after GC invocations=2 (full 0):
 PSYoungGen      total 68608K, used 5106K [0x00000000d7400000, 0x00000000dbc00000, 0x0000000100000000)
  eden space 63488K, 0% used [0x00000000d7400000,0x00000000d7400000,0x00000000db200000)
  from space 5120K, 99% used [0x00000000db700000,0x00000000dbbfca40,0x00000000dbc00000)
  to   space 5120K, 0% used [0x00000000db200000,0x00000000db200000,0x00000000db700000)
 ParOldGen       total 84992K, used 9312K [0x0000000085c00000, 0x000000008af00000, 0x00000000d7400000)
  object space 84992K, 10% used [0x0000000085c00000,0x00000000865182d8,0x000000008af00000)
 Metaspace       used 15947K, capacity 16210K, committed 16512K, reserved 1062912K
  class space    used 2752K, capacity 2826K, committed 2944K, reserved 1048576K
}
Event: 2.383 GC heap before
{Heap before GC invocations=3 (full 0):
 PSYoungGen      total 68608K, used 68594K [0x00000000d7400000, 0x00000000dbc00000, 0x0000000100000000)
  eden space 63488K, 100% used [0x00000000d7400000,0x00000000db200000,0x00000000db200000)
  from space 5120K, 99% used [0x00000000db700000,0x00000000dbbfca40,0x00000000dbc00000)
  to   space 5120K, 0% used [0x00000000db200000,0x00000000db200000,0x00000000db700000)
 ParOldGen       total 84992K, used 9312K [0x0000000085c00000, 0x000000008af00000, 0x00000000d7400000)
  object space 84992K, 10% used [0x0000000085c00000,0x00000000865182d8,0x000000008af00000)
 Metaspace       used 20646K, capacity 21220K, committed 21296K, reserved 1067008K
  class space    used 3529K, capacity 3684K, committed 3712K, reserved 1048576K

