# JRE version: OpenJDK Runtime Environment (8.0_131-b11) (build 1.8.0_131-8u131-b11-2ubuntu1.16.04.3-b11)
# Java VM: OpenJDK 64-Bit Server VM (25.131-b11 mixed mode linux-amd64 compressed oops)
Heap:
 PSYoungGen      total 68608K, used 5104K [0x00000000d7400000, 0x00000000dbc00000, 0x0000000100000000)
  eden space 63488K, 0% used [0x00000000d7400000,0x00000000d7400000,0x00000000db200000)
  from space 5120K, 99% used [0x00000000db200000,0x00000000db6fc010,0x00000000db700000)
  to   space 5120K, 0% used [0x00000000db700000,0x00000000db700000,0x00000000dbc00000)
 ParOldGen       total 84992K, used 62515K [0x0000000085c00000, 0x000000008af00000, 0x00000000d7400000)
  object space 84992K, 73% used [0x0000000085c00000,0x000000008990cea8,0x000000008af00000)
 Metaspace       used 3447K, capacity 4944K, committed 5120K, reserved 1056768K
  class space    used 355K, capacity 456K, committed 512K, reserved 1048576K
GC Heap History (5 events):
Event: 0.239 GC heap before
{Heap before GC invocations=1 (full 0):
 PSYoungGen      total 36864K, used 31744K [0x00000000d7400000, 0x00000000d9d00000, 0x0000000100000000)
  eden space 31744K, 100% used [0x00000000d7400000,0x00000000d9300000,0x00000000d9300000)
  from space 5120K, 0% used [0x00000000d9800000,0x00000000d9800000,0x00000000d9d00000)
  to   space 5120K, 0% used [0x00000000d9300000,0x00000000d9300000,0x00000000d9800000)
 ParOldGen       total 84992K, used 0K [0x0000000085c00000, 0x000000008af00000, 0x00000000d7400000)
  object space 84992K, 0% used [0x0000000085c00000,0x0000000085c00000,0x000000008af00000)
 Metaspace       used 3397K, capacity 4944K, committed 5120K, reserved 1056768K
  class space    used 349K, capacity 456K, committed 512K, reserved 1048576K
Event: 0.255 GC heap after
Heap after GC invocations=1 (full 0):
 PSYoungGen      total 36864K, used 5104K [0x00000000d7400000, 0x00000000dbc00000, 0x0000000100000000)
  eden space 31744K, 0% used [0x00000000d7400000,0x00000000d7400000,0x00000000d9300000)
  from space 5120K, 99% used [0x00000000d9300000,0x00000000d97fc010,0x00000000d9800000)
  to   space 5120K, 0% used [0x00000000db700000,0x00000000db700000,0x00000000dbc00000)
 ParOldGen       total 84992K, used 10118K [0x0000000085c00000, 0x000000008af00000, 0x00000000d7400000)
  object space 84992K, 11% used [0x0000000085c00000,0x00000000865e19d8,0x000000008af00000)
 Metaspace       used 3397K, capacity 4944K, committed 5120K, reserved 1056768K
  class space    used 349K, capacity 456K, committed 512K, reserved 1048576K
}
Event: 0.374 GC heap before
{Heap before GC invocations=2 (full 0):
 PSYoungGen      total 36864K, used 36848K [0x00000000d7400000, 0x00000000dbc00000, 0x0000000100000000)
  eden space 31744K, 100% used [0x00000000d7400000,0x00000000d9300000,0x00000000d9300000)
  from space 5120K, 99% used [0x00000000d9300000,0x00000000d97fc010,0x00000000d9800000)
  to   space 5120K, 0% used [0x00000000db700000,0x00000000db700000,0x00000000dbc00000)
 ParOldGen       total 84992K, used 10118K [0x0000000085c00000, 0x000000008af00000, 0x00000000d7400000)
  object space 84992K, 11% used [0x0000000085c00000,0x00000000865e19d8,0x000000008af00000)
 Metaspace       used 3404K, capacity 4944K, committed 5120K, reserved 1056768K
  class space    used 349K, capacity 456K, committed 512K, reserved 1048576K
Event: 0.406 GC heap after
Heap after GC invocations=2 (full 0):
 PSYoungGen      total 68608K, used 5104K [0x00000000d7400000, 0x00000000dbc00000, 0x0000000100000000)
  eden space 63488K, 0% used [0x00000000d7400000,0x00000000d7400000,0x00000000db200000)
  from space 5120K, 99% used [0x00000000db700000,0x00000000dbbfc010,0x00000000dbc00000)
  to   space 5120K, 0% used [0x00000000db200000,0x00000000db200000,0x00000000db700000)
 ParOldGen       total 84992K, used 27712K [0x0000000085c00000, 0x000000008af00000, 0x00000000d7400000)
  object space 84992K, 32% used [0x0000000085c00000,0x00000000877102e0,0x000000008af00000)
 Metaspace       used 3404K, capacity 4944K, committed 5120K, reserved 1056768K
  class space    used 349K, capacity 456K, committed 512K, reserved 1048576K
}
Event: 0.826 GC heap before
{Heap before GC invocations=3 (full 0):
 PSYoungGen      total 68608K, used 68592K [0x00000000d7400000, 0x00000000dbc00000, 0x0000000100000000)
  eden space 63488K, 100% used [0x00000000d7400000,0x00000000db200000,0x00000000db200000)
  from space 5120K, 99% used [0x00000000db700000,0x00000000dbbfc010,0x00000000dbc00000)
  to   space 5120K, 0% used [0x00000000db200000,0x00000000db200000,0x00000000db700000)
 ParOldGen       total 84992K, used 27712K [0x0000000085c00000, 0x000000008af00000, 0x00000000d7400000)
  object space 84992K, 32% used [0x0000000085c00000,0x00000000877102e0,0x000000008af00000)
 Metaspace       used 3447K, capacity 4944K, committed 5120K, reserved 1056768K
  class space    used 355K, capacity 456K, committed 512K, reserved 1048576K

